2022/05/31,21:19:49,WARNING,Start Server
2022/05/31,21:19:49,WARNING, * Running on all addresses.
   WARNING: This is a development server. Do not use it in a production deployment.
2022/05/31,21:19:49,INFO, * Running on http://10.0.2.99:1440/ (Press CTRL+C to quit)
2022/05/31,21:19:49,INFO, * Restarting with stat
2022/05/31,21:19:49,WARNING,Start Server
2022/05/31,21:19:49,WARNING, * Debugger is active!
2022/05/31,21:19:49,INFO, * Debugger PIN: 138-845-205
2022/05/31,21:21:30,WARNING,Start Server
2022/05/31,21:21:30,WARNING, * Running on all addresses.
   WARNING: This is a development server. Do not use it in a production deployment.
2022/05/31,21:21:30,INFO, * Running on http://10.0.2.99:1440/ (Press CTRL+C to quit)
2022/05/31,21:21:30,INFO, * Restarting with stat
2022/05/31,21:21:30,WARNING,Start Server
2022/05/31,21:21:30,WARNING, * Debugger is active!
2022/05/31,21:21:30,INFO, * Debugger PIN: 138-845-205
2022/05/31,21:22:56,INFO,10.0.2.100 - - [31/May/2022 21:22:56] "POST /INITIAL_UL_RRC_MESSAGE_TRANSFER HTTP/1.1" 200 -
2022/05/31,21:23:19,WARNING,Start Server
2022/05/31,21:23:19,WARNING, * Running on all addresses.
   WARNING: This is a development server. Do not use it in a production deployment.
2022/05/31,21:23:19,INFO, * Running on http://10.0.2.99:1440/ (Press CTRL+C to quit)
2022/05/31,21:23:19,INFO, * Restarting with stat
2022/05/31,21:23:19,WARNING,Start Server
2022/05/31,21:23:19,WARNING, * Debugger is active!
2022/05/31,21:23:19,INFO, * Debugger PIN: 138-845-205
2022/05/31,21:46:02,INFO, * Detected change in '/media/sf_Cloud-RAN-Simulation-Electronic-Fence-Based-on-NFV/Single_gNB_LOS_Simulation/Uma/CU/CU_Uma_LOS_Simulation.py', reloading
2022/05/31,21:46:02,INFO, * Restarting with stat
2022/05/31,21:46:03,WARNING,Start Server
2022/05/31,21:46:03,WARNING, * Debugger is active!
2022/05/31,21:46:03,INFO, * Debugger PIN: 138-845-205
2022/05/31,21:47:15,INFO, * Detected change in '/media/sf_Cloud-RAN-Simulation-Electronic-Fence-Based-on-NFV/Single_gNB_LOS_Simulation/Uma/CU/CU_Uma_LOS_Simulation.py', reloading
2022/05/31,21:47:15,INFO, * Restarting with stat
2022/05/31,21:47:16,WARNING,Start Server
2022/05/31,21:47:16,WARNING, * Debugger is active!
2022/05/31,21:47:16,INFO, * Debugger PIN: 138-845-205
2022/05/31,21:48:21,INFO, * Detected change in '/media/sf_Cloud-RAN-Simulation-Electronic-Fence-Based-on-NFV/Single_gNB_LOS_Simulation/Uma/CU/CU_Uma_LOS_Simulation.py', reloading
2022/05/31,21:48:21,INFO, * Restarting with stat
